80 ns: PE[104] Completed compute for cycle 33274 compute latency is 22
770080 ns: PE[105] Completed compute for cycle 33274 compute latency is 22
 cycle= 120[INTERNAL_TRANSFER] Processed OUTPUT_RETURN TAIL Flit on VC 2 src_id=-1 payload=64 total_outp
 cycle= 0[INTERNAL_TRANSFER] Processed OUTPUT_RETURN TAIL Flit on VC 2 src_id=1 payload=17600 total_outp
770369 ns: PE[0] Completed dispatch for timestamp 120
[..rocessingElement.cpp:735 (reset_logic)] sc_time_stamp() = 770369 ns (const sc_core::sc_time&), All ta

Info: /OSCI/SystemC: Simulation stopped by user.
=== Configuration Sources ===
Main config file: ../config_examples/alexnet/0.yaml

% Total received packets: 599049
% Total received flits: 2371193
% Received/Ideal flits Ratio: inf
% Average wireless utilization: 0
% Global average delay (cycles): 384714
% Max delay (cycles): -1
% Network throughput (flits/cycle): 0.592798
% Average IP throughput (flits/cycle/IP): inf
% Total energy (J): 0.00627544
%       Dynamic energy (J): 0.000186846
%       Static energy (J): 0.00608859
=== Hierarchical Router Idle Statistics ===
Level 0 (1 nodes):
Router 0 idle statistics:
  Total cycles: 770360
  Idle cycles: 698874
  Idle ratio: 90.72%
  Level 0 average: 90.72% idle

Level 1 (1 nodes):
Router 1 idle statistics:
  Total cycles: 770360
  Idle cycles: 294637
  Idle ratio: 38.25%
  Level 1 average: 38.25% idle

Level 2 (8 nodes):
Router 2 idle statistics:
  Total cycles: 770360
  Idle cycles: 309060
  Idle ratio: 40.12%
  Level 2 average: 40.37% idle

Level 3 (96 nodes):
Router 10 idle statistics:
  Total cycles: 770360
  Idle cycles: 355013
  Idle ratio: 46.08%
  Level 3 average: 46.12% idle

root@debian-desktop:~/my_noxim/build#

1039341 ns: PE[10] Completed compute for cycle 3024 compute latency is 242
 cycle= 120[INTERNAL_TRANSFER] Processed OUTPUT_RETURN TAIL Flit on VC 2 src_id=-1 payload=704 total_out
 cycle= 0[INTERNAL_TRANSFER] Processed OUTPUT_RETURN TAIL Flit on VC 2 src_id=1 payload=17600 total_outp
1041557 ns: PE[0] Completed dispatch for timestamp 120
[..rocessingElement.cpp:735 (reset_logic)] sc_time_stamp() = 1041557 ns (const sc_core::sc_time&), All t

Info: /OSCI/SystemC: Simulation stopped by user.
=== Configuration Sources ===
Main config file: ../config_examples/alexnet/0_1.yaml

% Total received packets: 54549
% Total received flits: 426723
% Received/Ideal flits Ratio: inf
% Average wireless utilization: 0
% Global average delay (cycles): 520355
% Max delay (cycles): -1
% Network throughput (flits/cycle): 0.106681
% Average IP throughput (flits/cycle/IP): inf
% Total energy (J): 0.00798238
%       Dynamic energy (J): 6.04512e-05
%       Static energy (J): 0.00792192
=== Hierarchical Router Idle Statistics ===
Level 0 (1 nodes):
Router 0 idle statistics:
  Total cycles: 1041548
  Idle cycles: 488894
  Idle ratio: 46.94%
  Level 0 average: 46.94% idle

Level 1 (1 nodes):
Router 1 idle statistics:
  Total cycles: 1041548
  Idle cycles: 227815
  Idle ratio: 21.87%
  Level 1 average: 21.87% idle

Level 2 (8 nodes):
Router 2 idle statistics:
  Total cycles: 1041548
  Idle cycles: 617238
  Idle ratio: 59.26%
  Level 2 average: 83.87% idle

Level 3 (96 nodes):
Router 10 idle statistics:
  Total cycles: 1041548
  Idle cycles: 678041
  Idle ratio: 65.10%
  Level 3 average: 94.35% idle

root@debian-desktop:~/my_noxim/build#

cycle= 120[INTERNAL_TRANSFER] Processed OUTPUT_RETURN TAIL Flit on VC 2 src_id=-1 payload=704 total_out
 cycle= 120[INTERNAL_TRANSFER] Processed OUTPUT_RETURN TAIL Flit on VC 2 src_id=-1 payload=704 total_out
 cycle= 120[INTERNAL_TRANSFER] Processed OUTPUT_RETURN TAIL Flit on VC 2 src_id=-1 payload=704 total_out
 cycle= 120[INTERNAL_TRANSFER] Processed OUTPUT_RETURN TAIL Flit on VC 2 src_id=-1 payload=704 total_out
 cycle= 120[INTERNAL_TRANSFER] Processed OUTPUT_RETURN TAIL Flit on VC 2 src_id=-1 payload=704 total_out
 cycle= 0[INTERNAL_TRANSFER] Processed OUTPUT_RETURN TAIL Flit on VC 2 src_id=1 payload=17600 total_outp
805151 ns: PE[0] Completed dispatch for timestamp 120
[..rocessingElement.cpp:735 (reset_logic)] sc_time_stamp() = 805151 ns (const sc_core::sc_time&), All ta

Info: /OSCI/SystemC: Simulation stopped by user.
=== Configuration Sources ===
Main config file: ../config_examples/alexnet/0_2.yaml

% Total received packets: 54549
% Total received flits: 426723
% Received/Ideal flits Ratio: inf
% Average wireless utilization: 0
% Global average delay (cycles): 402143
% Max delay (cycles): -1
% Network throughput (flits/cycle): 0.106681
% Average IP throughput (flits/cycle/IP): inf
% Total energy (J): 0.00770384
%       Dynamic energy (J): 6.99814e-05
%       Static energy (J): 0.00763386
=== Hierarchical Router Idle Statistics ===
Level 0 (1 nodes):
Router 0 idle statistics:
  Total cycles: 805142
  Idle cycles: 730950
  Idle ratio: 90.79%
  Level 0 average: 90.79% idle

Level 1 (1 nodes):
Router 1 idle statistics:
  Total cycles: 805142
  Idle cycles: 343285
  Idle ratio: 42.64%
  Level 1 average: 42.64% idle

Level 2 (8 nodes):
Router 2 idle statistics:
  Total cycles: 805142
  Idle cycles: 373529
  Idle ratio: 46.39%
  Level 2 average: 78.51% idle

Level 3 (96 nodes):
Router 10 idle statistics:
  Total cycles: 805142
  Idle cycles: 443624
  Idle ratio: 55.10%
  Level 3 average: 92.77% idle

root@debian-desktop:~/my_noxim/build#